<?xml version="1.0" encoding="UTF-8"?>
<testsuite xmlns:xsi="http://www.w3.org/2001/XMLSchema-instance" xsi:noNamespaceSchemaLocation="https://maven.apache.org/surefire/maven-surefire-plugin/xsd/surefire-test-report.xsd" name="com.atguigu.SysRoleMapperTest" time="27.683" tests="1" errors="0" skipped="0" failures="0">
  <properties>
    <property name="sun.desktop" value="windows"/>
    <property name="awt.toolkit" value="sun.awt.windows.WToolkit"/>
    <property name="file.encoding.pkg" value="sun.io"/>
    <property name="java.specification.version" value="1.8"/>
    <property name="sun.cpu.isalist" value="amd64"/>
    <property name="sun.jnu.encoding" value="GBK"/>
    <property name="java.class.path" value="D:\ideadata\guigu-oa-parent\service-oa\target\test-classes;D:\ideadata\guigu-oa-parent\service-oa\target\classes;D:\ideadata\guigu-oa-parent\model\target\model-1.0-SNAPSHOT.jar;D:\Maven_rep\org\projectlombok\lombok\1.18.16\lombok-1.18.16.jar;D:\ideadata\guigu-oa-parent\common\service-util\target\service-util-1.0-SNAPSHOT.jar;D:\ideadata\guigu-oa-parent\common\common-util\target\common-util-1.0-SNAPSHOT.jar;D:\Maven_rep\io\jsonwebtoken\jjwt\0.9.1\jjwt-0.9.1.jar;D:\Maven_rep\com\alibaba\fastjson\2.0.21\fastjson-2.0.21.jar;D:\Maven_rep\com\alibaba\fastjson2\fastjson2-extension\2.0.21\fastjson2-extension-2.0.21.jar;D:\Maven_rep\com\alibaba\fastjson2\fastjson2\2.0.21\fastjson2-2.0.21.jar;D:\Maven_rep\javax\xml\bind\jaxb-api\2.3.1\jaxb-api-2.3.1.jar;D:\Maven_rep\javax\activation\javax.activation-api\1.2.0\javax.activation-api-1.2.0.jar;D:\Maven_rep\com\sun\xml\bind\jaxb-impl\2.3.0\jaxb-impl-2.3.0.jar;D:\Maven_rep\com\sun\xml\bind\jaxb-core\2.3.0\jaxb-core-2.3.0.jar;D:\Maven_rep\javax\activation\activation\1.1.1\activation-1.1.1.jar;D:\Maven_rep\org\springframework\boot\spring-boot-starter-aop\2.3.6.RELEASE\spring-boot-starter-aop-2.3.6.RELEASE.jar;D:\Maven_rep\org\springframework\spring-aop\5.2.11.RELEASE\spring-aop-5.2.11.RELEASE.jar;D:\Maven_rep\org\aspectj\aspectjweaver\1.9.6\aspectjweaver-1.9.6.jar;D:\Maven_rep\org\springframework\boot\spring-boot-starter-web\2.3.6.RELEASE\spring-boot-starter-web-2.3.6.RELEASE.jar;D:\Maven_rep\org\springframework\boot\spring-boot-starter-json\2.3.6.RELEASE\spring-boot-starter-json-2.3.6.RELEASE.jar;D:\Maven_rep\com\fasterxml\jackson\datatype\jackson-datatype-jdk8\2.11.3\jackson-datatype-jdk8-2.11.3.jar;D:\Maven_rep\com\fasterxml\jackson\module\jackson-module-parameter-names\2.11.3\jackson-module-parameter-names-2.11.3.jar;D:\Maven_rep\org\springframework\boot\spring-boot-starter-tomcat\2.3.6.RELEASE\spring-boot-starter-tomcat-2.3.6.RELEASE.jar;D:\Maven_rep\org\apache\tomcat\embed\tomcat-embed-core\9.0.39\tomcat-embed-core-9.0.39.jar;D:\Maven_rep\org\glassfish\jakarta.el\3.0.3\jakarta.el-3.0.3.jar;D:\Maven_rep\org\apache\tomcat\embed\tomcat-embed-websocket\9.0.39\tomcat-embed-websocket-9.0.39.jar;D:\Maven_rep\org\springframework\spring-web\5.2.11.RELEASE\spring-web-5.2.11.RELEASE.jar;D:\Maven_rep\org\springframework\spring-webmvc\5.2.11.RELEASE\spring-webmvc-5.2.11.RELEASE.jar;D:\Maven_rep\com\baomidou\mybatis-plus-boot-starter\3.4.1\mybatis-plus-boot-starter-3.4.1.jar;D:\Maven_rep\com\baomidou\mybatis-plus\3.4.1\mybatis-plus-3.4.1.jar;D:\Maven_rep\org\springframework\boot\spring-boot-autoconfigure\2.3.6.RELEASE\spring-boot-autoconfigure-2.3.6.RELEASE.jar;D:\Maven_rep\org\springframework\boot\spring-boot-starter-jdbc\2.3.6.RELEASE\spring-boot-starter-jdbc-2.3.6.RELEASE.jar;D:\Maven_rep\com\zaxxer\HikariCP\3.4.5\HikariCP-3.4.5.jar;D:\Maven_rep\mysql\mysql-connector-java\8.0.30\mysql-connector-java-8.0.30.jar;D:\Maven_rep\com\google\protobuf\protobuf-java\3.19.4\protobuf-java-3.19.4.jar;D:\Maven_rep\com\github\xiaoymin\knife4j-spring-boot-starter\3.0.3\knife4j-spring-boot-starter-3.0.3.jar;D:\Maven_rep\com\github\xiaoymin\knife4j-spring-boot-autoconfigure\3.0.3\knife4j-spring-boot-autoconfigure-3.0.3.jar;D:\Maven_rep\com\github\xiaoymin\knife4j-spring\3.0.3\knife4j-spring-3.0.3.jar;D:\Maven_rep\com\github\xiaoymin\knife4j-annotations\3.0.3\knife4j-annotations-3.0.3.jar;D:\Maven_rep\io\swagger\swagger-annotations\1.5.22\swagger-annotations-1.5.22.jar;D:\Maven_rep\io\swagger\core\v3\swagger-annotations\2.1.2\swagger-annotations-2.1.2.jar;D:\Maven_rep\com\github\xiaoymin\knife4j-core\3.0.3\knife4j-core-3.0.3.jar;D:\Maven_rep\org\javassist\javassist\3.25.0-GA\javassist-3.25.0-GA.jar;D:\Maven_rep\io\springfox\springfox-swagger2\3.0.0\springfox-swagger2-3.0.0.jar;D:\Maven_rep\io\springfox\springfox-spi\3.0.0\springfox-spi-3.0.0.jar;D:\Maven_rep\io\springfox\springfox-schema\3.0.0\springfox-schema-3.0.0.jar;D:\Maven_rep\io\springfox\springfox-swagger-common\3.0.0\springfox-swagger-common-3.0.0.jar;D:\Maven_rep\io\springfox\springfox-spring-web\3.0.0\springfox-spring-web-3.0.0.jar;D:\Maven_rep\io\github\classgraph\classgraph\4.8.83\classgraph-4.8.83.jar;D:\Maven_rep\io\springfox\springfox-spring-webflux\3.0.0\springfox-spring-webflux-3.0.0.jar;D:\Maven_rep\org\mapstruct\mapstruct\1.3.1.Final\mapstruct-1.3.1.Final.jar;D:\Maven_rep\io\springfox\springfox-spring-webmvc\3.0.0\springfox-spring-webmvc-3.0.0.jar;D:\Maven_rep\io\springfox\springfox-core\3.0.0\springfox-core-3.0.0.jar;D:\Maven_rep\io\springfox\springfox-oas\3.0.0\springfox-oas-3.0.0.jar;D:\Maven_rep\io\swagger\core\v3\swagger-models\2.1.2\swagger-models-2.1.2.jar;D:\Maven_rep\io\springfox\springfox-bean-validators\3.0.0\springfox-bean-validators-3.0.0.jar;D:\Maven_rep\io\swagger\swagger-models\1.5.22\swagger-models-1.5.22.jar;D:\Maven_rep\io\swagger\swagger-core\1.5.22\swagger-core-1.5.22.jar;D:\Maven_rep\com\fasterxml\jackson\dataformat\jackson-dataformat-yaml\2.11.3\jackson-dataformat-yaml-2.11.3.jar;D:\Maven_rep\javax\validation\validation-api\2.0.1.Final\validation-api-2.0.1.Final.jar;D:\Maven_rep\io\springfox\springfox-boot-starter\3.0.0\springfox-boot-starter-3.0.0.jar;D:\Maven_rep\io\springfox\springfox-data-rest\3.0.0\springfox-data-rest-3.0.0.jar;D:\Maven_rep\com\fasterxml\classmate\1.5.1\classmate-1.5.1.jar;D:\Maven_rep\org\springframework\plugin\spring-plugin-core\2.0.0.RELEASE\spring-plugin-core-2.0.0.RELEASE.jar;D:\Maven_rep\org\springframework\plugin\spring-plugin-metadata\2.0.0.RELEASE\spring-plugin-metadata-2.0.0.RELEASE.jar;D:\Maven_rep\com\github\xiaoymin\knife4j-spring-ui\3.0.3\knife4j-spring-ui-3.0.3.jar;D:\Maven_rep\org\activiti\activiti-spring-boot-starter\7.1.0.M6\activiti-spring-boot-starter-7.1.0.M6.jar;D:\Maven_rep\org\activiti\activiti-spring-app-process\7.1.0.M6\activiti-spring-app-process-7.1.0.M6.jar;D:\Maven_rep\org\activiti\core\common\activiti-spring-application\7.1.0.M6\activiti-spring-application-7.1.0.M6.jar;D:\Maven_rep\org\activiti\core\common\activiti-spring-identity\7.1.0.M6\activiti-spring-identity-7.1.0.M6.jar;D:\Maven_rep\org\activiti\core\common\activiti-spring-security\7.1.0.M6\activiti-spring-security-7.1.0.M6.jar;D:\Maven_rep\org\activiti\api\activiti-api-process-model\7.1.0.M6\activiti-api-process-model-7.1.0.M6.jar;D:\Maven_rep\org\activiti\api\activiti-api-process-runtime\7.1.0.M6\activiti-api-process-runtime-7.1.0.M6.jar;D:\Maven_rep\org\activiti\api\activiti-api-model-shared\7.1.0.M6\activiti-api-model-shared-7.1.0.M6.jar;D:\Maven_rep\org\activiti\api\activiti-api-runtime-shared\7.1.0.M6\activiti-api-runtime-shared-7.1.0.M6.jar;D:\Maven_rep\org\activiti\activiti-spring\7.1.0.M6\activiti-spring-7.1.0.M6.jar;D:\Maven_rep\org\activiti\activiti-bpmn-converter\7.1.0.M6\activiti-bpmn-converter-7.1.0.M6.jar;D:\Maven_rep\org\activiti\activiti-process-validation\7.1.0.M6\activiti-process-validation-7.1.0.M6.jar;D:\Maven_rep\org\activiti\core\common\activiti-spring-project\7.1.0.M6\activiti-spring-project-7.1.0.M6.jar;D:\Maven_rep\org\springframework\spring-jdbc\5.2.11.RELEASE\spring-jdbc-5.2.11.RELEASE.jar;D:\Maven_rep\org\springframework\spring-orm\5.2.11.RELEASE\spring-orm-5.2.11.RELEASE.jar;D:\Maven_rep\javax\el\el-api\2.2\el-api-2.2.jar;D:\Maven_rep\org\slf4j\jcl-over-slf4j\1.7.30\jcl-over-slf4j-1.7.30.jar;D:\Maven_rep\org\activiti\activiti-engine\7.1.0.M6\activiti-engine-7.1.0.M6.jar;D:\Maven_rep\org\activiti\core\common\activiti-project-model\7.1.0.M6\activiti-project-model-7.1.0.M6.jar;D:\Maven_rep\org\apache\commons\commons-email\1.5\commons-email-1.5.jar;D:\Maven_rep\com\sun\mail\javax.mail\1.5.6\javax.mail-1.5.6.jar;D:\Maven_rep\de\odysseus\juel\juel-api\2.2.7\juel-api-2.2.7.jar;D:\Maven_rep\de\odysseus\juel\juel-impl\2.2.7\juel-impl-2.2.7.jar;D:\Maven_rep\de\odysseus\juel\juel-spi\2.2.7\juel-spi-2.2.7.jar;D:\Maven_rep\com\fasterxml\jackson\core\jackson-core\2.11.3\jackson-core-2.11.3.jar;D:\Maven_rep\com\fasterxml\jackson\core\jackson-databind\2.11.3\jackson-databind-2.11.3.jar;D:\Maven_rep\joda-time\joda-time\2.10.5\joda-time-2.10.5.jar;D:\Maven_rep\org\activiti\activiti-bpmn-model\7.1.0.M6\activiti-bpmn-model-7.1.0.M6.jar;D:\Maven_rep\org\activiti\activiti-api-process-runtime-impl\7.1.0.M6\activiti-api-process-runtime-impl-7.1.0.M6.jar;D:\Maven_rep\org\activiti\core\common\activiti-connector-model\7.1.0.M6\activiti-connector-model-7.1.0.M6.jar;D:\Maven_rep\org\activiti\core\common\activiti-spring-connector\7.1.0.M6\activiti-spring-connector-7.1.0.M6.jar;D:\Maven_rep\org\activiti\activiti-api-model-shared-impl\7.1.0.M6\activiti-api-model-shared-impl-7.1.0.M6.jar;D:\Maven_rep\org\activiti\activiti-api-runtime-shared-impl\7.1.0.M6\activiti-api-runtime-shared-impl-7.1.0.M6.jar;D:\Maven_rep\org\activiti\core\common\activiti-spring-security-policies\7.1.0.M6\activiti-spring-security-policies-7.1.0.M6.jar;D:\Maven_rep\org\activiti\activiti-api-task-runtime-impl\7.1.0.M6\activiti-api-task-runtime-impl-7.1.0.M6.jar;D:\Maven_rep\org\activiti\api\activiti-api-task-model\7.1.0.M6\activiti-api-task-model-7.1.0.M6.jar;D:\Maven_rep\org\activiti\api\activiti-api-task-runtime\7.1.0.M6\activiti-api-task-runtime-7.1.0.M6.jar;D:\Maven_rep\org\activiti\activiti-api-task-model-impl\7.1.0.M6\activiti-api-task-model-impl-7.1.0.M6.jar;D:\Maven_rep\org\activiti\core\common\activiti-common-util\7.1.0.M6\activiti-common-util-7.1.0.M6.jar;D:\Maven_rep\org\activiti\activiti-api-process-model-impl\7.1.0.M6\activiti-api-process-model-impl-7.1.0.M6.jar;D:\Maven_rep\org\activiti\activiti-spring-process-extensions\7.1.0.M6\activiti-spring-process-extensions-7.1.0.M6.jar;D:\Maven_rep\org\activiti\activiti-spring-resource-loader\7.1.0.M6\activiti-spring-resource-loader-7.1.0.M6.jar;D:\Maven_rep\org\activiti\core\common\activiti-spring-resource-finder\7.1.0.M6\activiti-spring-resource-finder-7.1.0.M6.jar;D:\Maven_rep\org\springframework\spring-context\5.2.11.RELEASE\spring-context-5.2.11.RELEASE.jar;D:\Maven_rep\org\springframework\spring-expression\5.2.11.RELEASE\spring-expression-5.2.11.RELEASE.jar;D:\Maven_rep\org\springframework\spring-tx\5.2.11.RELEASE\spring-tx-5.2.11.RELEASE.jar;D:\Maven_rep\org\springframework\spring-beans\5.2.11.RELEASE\spring-beans-5.2.11.RELEASE.jar;D:\Maven_rep\org\springframework\spring-core\5.2.11.RELEASE\spring-core-5.2.11.RELEASE.jar;D:\Maven_rep\org\springframework\spring-jcl\5.2.11.RELEASE\spring-jcl-5.2.11.RELEASE.jar;D:\Maven_rep\org\springframework\boot\spring-boot\2.3.6.RELEASE\spring-boot-2.3.6.RELEASE.jar;D:\Maven_rep\org\springframework\security\spring-security-core\5.3.5.RELEASE\spring-security-core-5.3.5.RELEASE.jar;D:\Maven_rep\org\slf4j\slf4j-api\1.7.30\slf4j-api-1.7.30.jar;D:\Maven_rep\com\fasterxml\uuid\java-uuid-generator\3.1.4\java-uuid-generator-3.1.4.jar;D:\Maven_rep\com\fasterxml\jackson\core\jackson-annotations\2.11.3\jackson-annotations-2.11.3.jar;D:\Maven_rep\org\springframework\boot\spring-boot-starter\2.3.6.RELEASE\spring-boot-starter-2.3.6.RELEASE.jar;D:\Maven_rep\org\springframework\boot\spring-boot-starter-logging\2.3.6.RELEASE\spring-boot-starter-logging-2.3.6.RELEASE.jar;D:\Maven_rep\ch\qos\logback\logback-classic\1.2.3\logback-classic-1.2.3.jar;D:\Maven_rep\ch\qos\logback\logback-core\1.2.3\logback-core-1.2.3.jar;D:\Maven_rep\org\apache\logging\log4j\log4j-to-slf4j\2.13.3\log4j-to-slf4j-2.13.3.jar;D:\Maven_rep\org\apache\logging\log4j\log4j-api\2.13.3\log4j-api-2.13.3.jar;D:\Maven_rep\org\slf4j\jul-to-slf4j\1.7.30\jul-to-slf4j-1.7.30.jar;D:\Maven_rep\jakarta\annotation\jakarta.annotation-api\1.3.5\jakarta.annotation-api-1.3.5.jar;D:\Maven_rep\org\yaml\snakeyaml\1.26\snakeyaml-1.26.jar;D:\Maven_rep\org\springframework\boot\spring-boot-actuator-autoconfigure\2.3.6.RELEASE\spring-boot-actuator-autoconfigure-2.3.6.RELEASE.jar;D:\Maven_rep\org\springframework\boot\spring-boot-actuator\2.3.6.RELEASE\spring-boot-actuator-2.3.6.RELEASE.jar;D:\Maven_rep\com\fasterxml\jackson\datatype\jackson-datatype-jsr310\2.11.3\jackson-datatype-jsr310-2.11.3.jar;D:\Maven_rep\org\springframework\boot\spring-boot-starter-test\2.3.6.RELEASE\spring-boot-starter-test-2.3.6.RELEASE.jar;D:\Maven_rep\org\springframework\boot\spring-boot-test\2.3.6.RELEASE\spring-boot-test-2.3.6.RELEASE.jar;D:\Maven_rep\org\springframework\boot\spring-boot-test-autoconfigure\2.3.6.RELEASE\spring-boot-test-autoconfigure-2.3.6.RELEASE.jar;D:\Maven_rep\com\jayway\jsonpath\json-path\2.4.0\json-path-2.4.0.jar;D:\Maven_rep\net\minidev\json-smart\2.3\json-smart-2.3.jar;D:\Maven_rep\net\minidev\accessors-smart\1.2\accessors-smart-1.2.jar;D:\Maven_rep\org\ow2\asm\asm\5.0.4\asm-5.0.4.jar;D:\Maven_rep\jakarta\xml\bind\jakarta.xml.bind-api\2.3.3\jakarta.xml.bind-api-2.3.3.jar;D:\Maven_rep\jakarta\activation\jakarta.activation-api\1.2.2\jakarta.activation-api-1.2.2.jar;D:\Maven_rep\org\assertj\assertj-core\3.16.1\assertj-core-3.16.1.jar;D:\Maven_rep\org\hamcrest\hamcrest\2.2\hamcrest-2.2.jar;D:\Maven_rep\org\junit\jupiter\junit-jupiter\5.6.3\junit-jupiter-5.6.3.jar;D:\Maven_rep\org\junit\jupiter\junit-jupiter-api\5.6.3\junit-jupiter-api-5.6.3.jar;D:\Maven_rep\org\opentest4j\opentest4j\1.2.0\opentest4j-1.2.0.jar;D:\Maven_rep\org\junit\platform\junit-platform-commons\1.6.3\junit-platform-commons-1.6.3.jar;D:\Maven_rep\org\junit\jupiter\junit-jupiter-params\5.6.3\junit-jupiter-params-5.6.3.jar;D:\Maven_rep\org\junit\jupiter\junit-jupiter-engine\5.6.3\junit-jupiter-engine-5.6.3.jar;D:\Maven_rep\org\junit\vintage\junit-vintage-engine\5.6.3\junit-vintage-engine-5.6.3.jar;D:\Maven_rep\org\apiguardian\apiguardian-api\1.1.0\apiguardian-api-1.1.0.jar;D:\Maven_rep\org\junit\platform\junit-platform-engine\1.6.3\junit-platform-engine-1.6.3.jar;D:\Maven_rep\junit\junit\4.13.1\junit-4.13.1.jar;D:\Maven_rep\org\mockito\mockito-core\3.3.3\mockito-core-3.3.3.jar;D:\Maven_rep\net\bytebuddy\byte-buddy\1.10.18\byte-buddy-1.10.18.jar;D:\Maven_rep\net\bytebuddy\byte-buddy-agent\1.10.18\byte-buddy-agent-1.10.18.jar;D:\Maven_rep\org\objenesis\objenesis\2.6\objenesis-2.6.jar;D:\Maven_rep\org\mockito\mockito-junit-jupiter\3.3.3\mockito-junit-jupiter-3.3.3.jar;D:\Maven_rep\org\skyscreamer\jsonassert\1.5.0\jsonassert-1.5.0.jar;D:\Maven_rep\com\vaadin\external\google\android-json\0.0.20131108.vaadin1\android-json-0.0.20131108.vaadin1.jar;D:\Maven_rep\org\springframework\spring-test\5.2.11.RELEASE\spring-test-5.2.11.RELEASE.jar;D:\Maven_rep\org\xmlunit\xmlunit-core\2.7.0\xmlunit-core-2.7.0.jar;D:\Maven_rep\com\baomidou\mybatis-plus-generator\3.4.1\mybatis-plus-generator-3.4.1.jar;D:\Maven_rep\com\baomidou\mybatis-plus-extension\3.4.1\mybatis-plus-extension-3.4.1.jar;D:\Maven_rep\com\baomidou\mybatis-plus-core\3.4.1\mybatis-plus-core-3.4.1.jar;D:\Maven_rep\com\baomidou\mybatis-plus-annotation\3.4.1\mybatis-plus-annotation-3.4.1.jar;D:\Maven_rep\com\github\jsqlparser\jsqlparser\3.2\jsqlparser-3.2.jar;D:\Maven_rep\org\mybatis\mybatis\3.5.6\mybatis-3.5.6.jar;D:\Maven_rep\org\mybatis\mybatis-spring\2.0.5\mybatis-spring-2.0.5.jar;D:\Maven_rep\org\apache\velocity\velocity-engine-core\2.0\velocity-engine-core-2.0.jar;D:\Maven_rep\org\apache\commons\commons-lang3\3.10\commons-lang3-3.10.jar;D:\ideadata\guigu-oa-parent\common\spring-security\target\spring-security-1.0-SNAPSHOT.jar;D:\Maven_rep\org\springframework\boot\spring-boot-starter-security\2.3.6.RELEASE\spring-boot-starter-security-2.3.6.RELEASE.jar;D:\Maven_rep\org\springframework\security\spring-security-config\5.3.5.RELEASE\spring-security-config-5.3.5.RELEASE.jar;D:\Maven_rep\org\springframework\security\spring-security-web\5.3.5.RELEASE\spring-security-web-5.3.5.RELEASE.jar;D:\Maven_rep\org\springframework\boot\spring-boot-starter-data-redis\2.3.6.RELEASE\spring-boot-starter-data-redis-2.3.6.RELEASE.jar;D:\Maven_rep\org\springframework\data\spring-data-redis\2.3.5.RELEASE\spring-data-redis-2.3.5.RELEASE.jar;D:\Maven_rep\org\springframework\data\spring-data-keyvalue\2.3.5.RELEASE\spring-data-keyvalue-2.3.5.RELEASE.jar;D:\Maven_rep\org\springframework\data\spring-data-commons\2.3.5.RELEASE\spring-data-commons-2.3.5.RELEASE.jar;D:\Maven_rep\org\springframework\spring-oxm\5.2.11.RELEASE\spring-oxm-5.2.11.RELEASE.jar;D:\Maven_rep\org\springframework\spring-context-support\5.2.11.RELEASE\spring-context-support-5.2.11.RELEASE.jar;D:\Maven_rep\io\lettuce\lettuce-core\5.3.5.RELEASE\lettuce-core-5.3.5.RELEASE.jar;D:\Maven_rep\io\netty\netty-common\4.1.54.Final\netty-common-4.1.54.Final.jar;D:\Maven_rep\io\netty\netty-handler\4.1.54.Final\netty-handler-4.1.54.Final.jar;D:\Maven_rep\io\netty\netty-resolver\4.1.54.Final\netty-resolver-4.1.54.Final.jar;D:\Maven_rep\io\netty\netty-buffer\4.1.54.Final\netty-buffer-4.1.54.Final.jar;D:\Maven_rep\io\netty\netty-codec\4.1.54.Final\netty-codec-4.1.54.Final.jar;D:\Maven_rep\io\netty\netty-transport\4.1.54.Final\netty-transport-4.1.54.Final.jar;D:\Maven_rep\io\projectreactor\reactor-core\3.3.11.RELEASE\reactor-core-3.3.11.RELEASE.jar;D:\Maven_rep\org\reactivestreams\reactive-streams\1.0.3\reactive-streams-1.0.3.jar;D:\Maven_rep\com\github\binarywang\weixin-java-mp\4.1.0\weixin-java-mp-4.1.0.jar;D:\Maven_rep\com\github\binarywang\weixin-java-common\4.1.0\weixin-java-common-4.1.0.jar;D:\Maven_rep\com\thoughtworks\xstream\xstream\1.4.17\xstream-1.4.17.jar;D:\Maven_rep\io\github\x-stream\mxparser\1.2.1\mxparser-1.2.1.jar;D:\Maven_rep\xmlpull\xmlpull\1.1.3.1\xmlpull-1.1.3.1.jar;D:\Maven_rep\org\apache\httpcomponents\httpclient\4.5.13\httpclient-4.5.13.jar;D:\Maven_rep\org\apache\httpcomponents\httpcore\4.4.13\httpcore-4.4.13.jar;D:\Maven_rep\org\apache\httpcomponents\httpmime\4.5.13\httpmime-4.5.13.jar;D:\Maven_rep\com\google\code\gson\gson\2.8.6\gson-2.8.6.jar;D:\Maven_rep\commons-codec\commons-codec\1.14\commons-codec-1.14.jar;D:\Maven_rep\commons-io\commons-io\2.7\commons-io-2.7.jar;D:\Maven_rep\com\google\guava\guava\29.0-jre\guava-29.0-jre.jar;D:\Maven_rep\com\google\guava\failureaccess\1.0.1\failureaccess-1.0.1.jar;D:\Maven_rep\com\google\guava\listenablefuture\9999.0-empty-to-avoid-conflict-with-guava\listenablefuture-9999.0-empty-to-avoid-conflict-with-guava.jar;D:\Maven_rep\com\google\code\findbugs\jsr305\3.0.2\jsr305-3.0.2.jar;D:\Maven_rep\org\checkerframework\checker-qual\2.11.1\checker-qual-2.11.1.jar;D:\Maven_rep\com\google\errorprone\error_prone_annotations\2.3.4\error_prone_annotations-2.3.4.jar;D:\Maven_rep\com\google\j2objc\j2objc-annotations\1.3\j2objc-annotations-1.3.jar;D:\Maven_rep\org\dom4j\dom4j\2.1.3\dom4j-2.1.3.jar;"/>
    <property name="java.vm.vendor" value="Oracle Corporation"/>
    <property name="sun.arch.data.model" value="64"/>
    <property name="user.variant" value=""/>
    <property name="java.vendor.url" value="http://java.oracle.com/"/>
    <property name="user.timezone" value="Asia/Shanghai"/>
    <property name="java.vm.specification.version" value="1.8"/>
    <property name="os.name" value="Windows 10"/>
    <property name="user.country" value="CN"/>
    <property name="sun.java.launcher" value="SUN_STANDARD"/>
    <property name="sun.boot.library.path" value="D:\JAVA_JDK1.8.0_131\jre\bin"/>
    <property name="sun.java.command" value="C:\Users\86159\AppData\Local\Temp\surefire7407705514260893076\surefirebooter81397149187498259.jar C:\Users\86159\AppData\Local\Temp\surefire7407705514260893076 2023-05-11T18-46-45_337-jvmRun1 surefire5244900195100513883tmp surefire_01592811042785898303tmp"/>
    <property name="surefire.test.class.path" value="D:\ideadata\guigu-oa-parent\service-oa\target\test-classes;D:\ideadata\guigu-oa-parent\service-oa\target\classes;D:\ideadata\guigu-oa-parent\model\target\model-1.0-SNAPSHOT.jar;D:\Maven_rep\org\projectlombok\lombok\1.18.16\lombok-1.18.16.jar;D:\ideadata\guigu-oa-parent\common\service-util\target\service-util-1.0-SNAPSHOT.jar;D:\ideadata\guigu-oa-parent\common\common-util\target\common-util-1.0-SNAPSHOT.jar;D:\Maven_rep\io\jsonwebtoken\jjwt\0.9.1\jjwt-0.9.1.jar;D:\Maven_rep\com\alibaba\fastjson\2.0.21\fastjson-2.0.21.jar;D:\Maven_rep\com\alibaba\fastjson2\fastjson2-extension\2.0.21\fastjson2-extension-2.0.21.jar;D:\Maven_rep\com\alibaba\fastjson2\fastjson2\2.0.21\fastjson2-2.0.21.jar;D:\Maven_rep\javax\xml\bind\jaxb-api\2.3.1\jaxb-api-2.3.1.jar;D:\Maven_rep\javax\activation\javax.activation-api\1.2.0\javax.activation-api-1.2.0.jar;D:\Maven_rep\com\sun\xml\bind\jaxb-impl\2.3.0\jaxb-impl-2.3.0.jar;D:\Maven_rep\com\sun\xml\bind\jaxb-core\2.3.0\jaxb-core-2.3.0.jar;D:\Maven_rep\javax\activation\activation\1.1.1\activation-1.1.1.jar;D:\Maven_rep\org\springframework\boot\spring-boot-starter-aop\2.3.6.RELEASE\spring-boot-starter-aop-2.3.6.RELEASE.jar;D:\Maven_rep\org\springframework\spring-aop\5.2.11.RELEASE\spring-aop-5.2.11.RELEASE.jar;D:\Maven_rep\org\aspectj\aspectjweaver\1.9.6\aspectjweaver-1.9.6.jar;D:\Maven_rep\org\springframework\boot\spring-boot-starter-web\2.3.6.RELEASE\spring-boot-starter-web-2.3.6.RELEASE.jar;D:\Maven_rep\org\springframework\boot\spring-boot-starter-json\2.3.6.RELEASE\spring-boot-starter-json-2.3.6.RELEASE.jar;D:\Maven_rep\com\fasterxml\jackson\datatype\jackson-datatype-jdk8\2.11.3\jackson-datatype-jdk8-2.11.3.jar;D:\Maven_rep\com\fasterxml\jackson\module\jackson-module-parameter-names\2.11.3\jackson-module-parameter-names-2.11.3.jar;D:\Maven_rep\org\springframework\boot\spring-boot-starter-tomcat\2.3.6.RELEASE\spring-boot-starter-tomcat-2.3.6.RELEASE.jar;D:\Maven_rep\org\apache\tomcat\embed\tomcat-embed-core\9.0.39\tomcat-embed-core-9.0.39.jar;D:\Maven_rep\org\glassfish\jakarta.el\3.0.3\jakarta.el-3.0.3.jar;D:\Maven_rep\org\apache\tomcat\embed\tomcat-embed-websocket\9.0.39\tomcat-embed-websocket-9.0.39.jar;D:\Maven_rep\org\springframework\spring-web\5.2.11.RELEASE\spring-web-5.2.11.RELEASE.jar;D:\Maven_rep\org\springframework\spring-webmvc\5.2.11.RELEASE\spring-webmvc-5.2.11.RELEASE.jar;D:\Maven_rep\com\baomidou\mybatis-plus-boot-starter\3.4.1\mybatis-plus-boot-starter-3.4.1.jar;D:\Maven_rep\com\baomidou\mybatis-plus\3.4.1\mybatis-plus-3.4.1.jar;D:\Maven_rep\org\springframework\boot\spring-boot-autoconfigure\2.3.6.RELEASE\spring-boot-autoconfigure-2.3.6.RELEASE.jar;D:\Maven_rep\org\springframework\boot\spring-boot-starter-jdbc\2.3.6.RELEASE\spring-boot-starter-jdbc-2.3.6.RELEASE.jar;D:\Maven_rep\com\zaxxer\HikariCP\3.4.5\HikariCP-3.4.5.jar;D:\Maven_rep\mysql\mysql-connector-java\8.0.30\mysql-connector-java-8.0.30.jar;D:\Maven_rep\com\google\protobuf\protobuf-java\3.19.4\protobuf-java-3.19.4.jar;D:\Maven_rep\com\github\xiaoymin\knife4j-spring-boot-starter\3.0.3\knife4j-spring-boot-starter-3.0.3.jar;D:\Maven_rep\com\github\xiaoymin\knife4j-spring-boot-autoconfigure\3.0.3\knife4j-spring-boot-autoconfigure-3.0.3.jar;D:\Maven_rep\com\github\xiaoymin\knife4j-spring\3.0.3\knife4j-spring-3.0.3.jar;D:\Maven_rep\com\github\xiaoymin\knife4j-annotations\3.0.3\knife4j-annotations-3.0.3.jar;D:\Maven_rep\io\swagger\swagger-annotations\1.5.22\swagger-annotations-1.5.22.jar;D:\Maven_rep\io\swagger\core\v3\swagger-annotations\2.1.2\swagger-annotations-2.1.2.jar;D:\Maven_rep\com\github\xiaoymin\knife4j-core\3.0.3\knife4j-core-3.0.3.jar;D:\Maven_rep\org\javassist\javassist\3.25.0-GA\javassist-3.25.0-GA.jar;D:\Maven_rep\io\springfox\springfox-swagger2\3.0.0\springfox-swagger2-3.0.0.jar;D:\Maven_rep\io\springfox\springfox-spi\3.0.0\springfox-spi-3.0.0.jar;D:\Maven_rep\io\springfox\springfox-schema\3.0.0\springfox-schema-3.0.0.jar;D:\Maven_rep\io\springfox\springfox-swagger-common\3.0.0\springfox-swagger-common-3.0.0.jar;D:\Maven_rep\io\springfox\springfox-spring-web\3.0.0\springfox-spring-web-3.0.0.jar;D:\Maven_rep\io\github\classgraph\classgraph\4.8.83\classgraph-4.8.83.jar;D:\Maven_rep\io\springfox\springfox-spring-webflux\3.0.0\springfox-spring-webflux-3.0.0.jar;D:\Maven_rep\org\mapstruct\mapstruct\1.3.1.Final\mapstruct-1.3.1.Final.jar;D:\Maven_rep\io\springfox\springfox-spring-webmvc\3.0.0\springfox-spring-webmvc-3.0.0.jar;D:\Maven_rep\io\springfox\springfox-core\3.0.0\springfox-core-3.0.0.jar;D:\Maven_rep\io\springfox\springfox-oas\3.0.0\springfox-oas-3.0.0.jar;D:\Maven_rep\io\swagger\core\v3\swagger-models\2.1.2\swagger-models-2.1.2.jar;D:\Maven_rep\io\springfox\springfox-bean-validators\3.0.0\springfox-bean-validators-3.0.0.jar;D:\Maven_rep\io\swagger\swagger-models\1.5.22\swagger-models-1.5.22.jar;D:\Maven_rep\io\swagger\swagger-core\1.5.22\swagger-core-1.5.22.jar;D:\Maven_rep\com\fasterxml\jackson\dataformat\jackson-dataformat-yaml\2.11.3\jackson-dataformat-yaml-2.11.3.jar;D:\Maven_rep\javax\validation\validation-api\2.0.1.Final\validation-api-2.0.1.Final.jar;D:\Maven_rep\io\springfox\springfox-boot-starter\3.0.0\springfox-boot-starter-3.0.0.jar;D:\Maven_rep\io\springfox\springfox-data-rest\3.0.0\springfox-data-rest-3.0.0.jar;D:\Maven_rep\com\fasterxml\classmate\1.5.1\classmate-1.5.1.jar;D:\Maven_rep\org\springframework\plugin\spring-plugin-core\2.0.0.RELEASE\spring-plugin-core-2.0.0.RELEASE.jar;D:\Maven_rep\org\springframework\plugin\spring-plugin-metadata\2.0.0.RELEASE\spring-plugin-metadata-2.0.0.RELEASE.jar;D:\Maven_rep\com\github\xiaoymin\knife4j-spring-ui\3.0.3\knife4j-spring-ui-3.0.3.jar;D:\Maven_rep\org\activiti\activiti-spring-boot-starter\7.1.0.M6\activiti-spring-boot-starter-7.1.0.M6.jar;D:\Maven_rep\org\activiti\activiti-spring-app-process\7.1.0.M6\activiti-spring-app-process-7.1.0.M6.jar;D:\Maven_rep\org\activiti\core\common\activiti-spring-application\7.1.0.M6\activiti-spring-application-7.1.0.M6.jar;D:\Maven_rep\org\activiti\core\common\activiti-spring-identity\7.1.0.M6\activiti-spring-identity-7.1.0.M6.jar;D:\Maven_rep\org\activiti\core\common\activiti-spring-security\7.1.0.M6\activiti-spring-security-7.1.0.M6.jar;D:\Maven_rep\org\activiti\api\activiti-api-process-model\7.1.0.M6\activiti-api-process-model-7.1.0.M6.jar;D:\Maven_rep\org\activiti\api\activiti-api-process-runtime\7.1.0.M6\activiti-api-process-runtime-7.1.0.M6.jar;D:\Maven_rep\org\activiti\api\activiti-api-model-shared\7.1.0.M6\activiti-api-model-shared-7.1.0.M6.jar;D:\Maven_rep\org\activiti\api\activiti-api-runtime-shared\7.1.0.M6\activiti-api-runtime-shared-7.1.0.M6.jar;D:\Maven_rep\org\activiti\activiti-spring\7.1.0.M6\activiti-spring-7.1.0.M6.jar;D:\Maven_rep\org\activiti\activiti-bpmn-converter\7.1.0.M6\activiti-bpmn-converter-7.1.0.M6.jar;D:\Maven_rep\org\activiti\activiti-process-validation\7.1.0.M6\activiti-process-validation-7.1.0.M6.jar;D:\Maven_rep\org\activiti\core\common\activiti-spring-project\7.1.0.M6\activiti-spring-project-7.1.0.M6.jar;D:\Maven_rep\org\springframework\spring-jdbc\5.2.11.RELEASE\spring-jdbc-5.2.11.RELEASE.jar;D:\Maven_rep\org\springframework\spring-orm\5.2.11.RELEASE\spring-orm-5.2.11.RELEASE.jar;D:\Maven_rep\javax\el\el-api\2.2\el-api-2.2.jar;D:\Maven_rep\org\slf4j\jcl-over-slf4j\1.7.30\jcl-over-slf4j-1.7.30.jar;D:\Maven_rep\org\activiti\activiti-engine\7.1.0.M6\activiti-engine-7.1.0.M6.jar;D:\Maven_rep\org\activiti\core\common\activiti-project-model\7.1.0.M6\activiti-project-model-7.1.0.M6.jar;D:\Maven_rep\org\apache\commons\commons-email\1.5\commons-email-1.5.jar;D:\Maven_rep\com\sun\mail\javax.mail\1.5.6\javax.mail-1.5.6.jar;D:\Maven_rep\de\odysseus\juel\juel-api\2.2.7\juel-api-2.2.7.jar;D:\Maven_rep\de\odysseus\juel\juel-impl\2.2.7\juel-impl-2.2.7.jar;D:\Maven_rep\de\odysseus\juel\juel-spi\2.2.7\juel-spi-2.2.7.jar;D:\Maven_rep\com\fasterxml\jackson\core\jackson-core\2.11.3\jackson-core-2.11.3.jar;D:\Maven_rep\com\fasterxml\jackson\core\jackson-databind\2.11.3\jackson-databind-2.11.3.jar;D:\Maven_rep\joda-time\joda-time\2.10.5\joda-time-2.10.5.jar;D:\Maven_rep\org\activiti\activiti-bpmn-model\7.1.0.M6\activiti-bpmn-model-7.1.0.M6.jar;D:\Maven_rep\org\activiti\activiti-api-process-runtime-impl\7.1.0.M6\activiti-api-process-runtime-impl-7.1.0.M6.jar;D:\Maven_rep\org\activiti\core\common\activiti-connector-model\7.1.0.M6\activiti-connector-model-7.1.0.M6.jar;D:\Maven_rep\org\activiti\core\common\activiti-spring-connector\7.1.0.M6\activiti-spring-connector-7.1.0.M6.jar;D:\Maven_rep\org\activiti\activiti-api-model-shared-impl\7.1.0.M6\activiti-api-model-shared-impl-7.1.0.M6.jar;D:\Maven_rep\org\activiti\activiti-api-runtime-shared-impl\7.1.0.M6\activiti-api-runtime-shared-impl-7.1.0.M6.jar;D:\Maven_rep\org\activiti\core\common\activiti-spring-security-policies\7.1.0.M6\activiti-spring-security-policies-7.1.0.M6.jar;D:\Maven_rep\org\activiti\activiti-api-task-runtime-impl\7.1.0.M6\activiti-api-task-runtime-impl-7.1.0.M6.jar;D:\Maven_rep\org\activiti\api\activiti-api-task-model\7.1.0.M6\activiti-api-task-model-7.1.0.M6.jar;D:\Maven_rep\org\activiti\api\activiti-api-task-runtime\7.1.0.M6\activiti-api-task-runtime-7.1.0.M6.jar;D:\Maven_rep\org\activiti\activiti-api-task-model-impl\7.1.0.M6\activiti-api-task-model-impl-7.1.0.M6.jar;D:\Maven_rep\org\activiti\core\common\activiti-common-util\7.1.0.M6\activiti-common-util-7.1.0.M6.jar;D:\Maven_rep\org\activiti\activiti-api-process-model-impl\7.1.0.M6\activiti-api-process-model-impl-7.1.0.M6.jar;D:\Maven_rep\org\activiti\activiti-spring-process-extensions\7.1.0.M6\activiti-spring-process-extensions-7.1.0.M6.jar;D:\Maven_rep\org\activiti\activiti-spring-resource-loader\7.1.0.M6\activiti-spring-resource-loader-7.1.0.M6.jar;D:\Maven_rep\org\activiti\core\common\activiti-spring-resource-finder\7.1.0.M6\activiti-spring-resource-finder-7.1.0.M6.jar;D:\Maven_rep\org\springframework\spring-context\5.2.11.RELEASE\spring-context-5.2.11.RELEASE.jar;D:\Maven_rep\org\springframework\spring-expression\5.2.11.RELEASE\spring-expression-5.2.11.RELEASE.jar;D:\Maven_rep\org\springframework\spring-tx\5.2.11.RELEASE\spring-tx-5.2.11.RELEASE.jar;D:\Maven_rep\org\springframework\spring-beans\5.2.11.RELEASE\spring-beans-5.2.11.RELEASE.jar;D:\Maven_rep\org\springframework\spring-core\5.2.11.RELEASE\spring-core-5.2.11.RELEASE.jar;D:\Maven_rep\org\springframework\spring-jcl\5.2.11.RELEASE\spring-jcl-5.2.11.RELEASE.jar;D:\Maven_rep\org\springframework\boot\spring-boot\2.3.6.RELEASE\spring-boot-2.3.6.RELEASE.jar;D:\Maven_rep\org\springframework\security\spring-security-core\5.3.5.RELEASE\spring-security-core-5.3.5.RELEASE.jar;D:\Maven_rep\org\slf4j\slf4j-api\1.7.30\slf4j-api-1.7.30.jar;D:\Maven_rep\com\fasterxml\uuid\java-uuid-generator\3.1.4\java-uuid-generator-3.1.4.jar;D:\Maven_rep\com\fasterxml\jackson\core\jackson-annotations\2.11.3\jackson-annotations-2.11.3.jar;D:\Maven_rep\org\springframework\boot\spring-boot-starter\2.3.6.RELEASE\spring-boot-starter-2.3.6.RELEASE.jar;D:\Maven_rep\org\springframework\boot\spring-boot-starter-logging\2.3.6.RELEASE\spring-boot-starter-logging-2.3.6.RELEASE.jar;D:\Maven_rep\ch\qos\logback\logback-classic\1.2.3\logback-classic-1.2.3.jar;D:\Maven_rep\ch\qos\logback\logback-core\1.2.3\logback-core-1.2.3.jar;D:\Maven_rep\org\apache\logging\log4j\log4j-to-slf4j\2.13.3\log4j-to-slf4j-2.13.3.jar;D:\Maven_rep\org\apache\logging\log4j\log4j-api\2.13.3\log4j-api-2.13.3.jar;D:\Maven_rep\org\slf4j\jul-to-slf4j\1.7.30\jul-to-slf4j-1.7.30.jar;D:\Maven_rep\jakarta\annotation\jakarta.annotation-api\1.3.5\jakarta.annotation-api-1.3.5.jar;D:\Maven_rep\org\yaml\snakeyaml\1.26\snakeyaml-1.26.jar;D:\Maven_rep\org\springframework\boot\spring-boot-actuator-autoconfigure\2.3.6.RELEASE\spring-boot-actuator-autoconfigure-2.3.6.RELEASE.jar;D:\Maven_rep\org\springframework\boot\spring-boot-actuator\2.3.6.RELEASE\spring-boot-actuator-2.3.6.RELEASE.jar;D:\Maven_rep\com\fasterxml\jackson\datatype\jackson-datatype-jsr310\2.11.3\jackson-datatype-jsr310-2.11.3.jar;D:\Maven_rep\org\springframework\boot\spring-boot-starter-test\2.3.6.RELEASE\spring-boot-starter-test-2.3.6.RELEASE.jar;D:\Maven_rep\org\springframework\boot\spring-boot-test\2.3.6.RELEASE\spring-boot-test-2.3.6.RELEASE.jar;D:\Maven_rep\org\springframework\boot\spring-boot-test-autoconfigure\2.3.6.RELEASE\spring-boot-test-autoconfigure-2.3.6.RELEASE.jar;D:\Maven_rep\com\jayway\jsonpath\json-path\2.4.0\json-path-2.4.0.jar;D:\Maven_rep\net\minidev\json-smart\2.3\json-smart-2.3.jar;D:\Maven_rep\net\minidev\accessors-smart\1.2\accessors-smart-1.2.jar;D:\Maven_rep\org\ow2\asm\asm\5.0.4\asm-5.0.4.jar;D:\Maven_rep\jakarta\xml\bind\jakarta.xml.bind-api\2.3.3\jakarta.xml.bind-api-2.3.3.jar;D:\Maven_rep\jakarta\activation\jakarta.activation-api\1.2.2\jakarta.activation-api-1.2.2.jar;D:\Maven_rep\org\assertj\assertj-core\3.16.1\assertj-core-3.16.1.jar;D:\Maven_rep\org\hamcrest\hamcrest\2.2\hamcrest-2.2.jar;D:\Maven_rep\org\junit\jupiter\junit-jupiter\5.6.3\junit-jupiter-5.6.3.jar;D:\Maven_rep\org\junit\jupiter\junit-jupiter-api\5.6.3\junit-jupiter-api-5.6.3.jar;D:\Maven_rep\org\opentest4j\opentest4j\1.2.0\opentest4j-1.2.0.jar;D:\Maven_rep\org\junit\platform\junit-platform-commons\1.6.3\junit-platform-commons-1.6.3.jar;D:\Maven_rep\org\junit\jupiter\junit-jupiter-params\5.6.3\junit-jupiter-params-5.6.3.jar;D:\Maven_rep\org\junit\jupiter\junit-jupiter-engine\5.6.3\junit-jupiter-engine-5.6.3.jar;D:\Maven_rep\org\junit\vintage\junit-vintage-engine\5.6.3\junit-vintage-engine-5.6.3.jar;D:\Maven_rep\org\apiguardian\apiguardian-api\1.1.0\apiguardian-api-1.1.0.jar;D:\Maven_rep\org\junit\platform\junit-platform-engine\1.6.3\junit-platform-engine-1.6.3.jar;D:\Maven_rep\junit\junit\4.13.1\junit-4.13.1.jar;D:\Maven_rep\org\mockito\mockito-core\3.3.3\mockito-core-3.3.3.jar;D:\Maven_rep\net\bytebuddy\byte-buddy\1.10.18\byte-buddy-1.10.18.jar;D:\Maven_rep\net\bytebuddy\byte-buddy-agent\1.10.18\byte-buddy-agent-1.10.18.jar;D:\Maven_rep\org\objenesis\objenesis\2.6\objenesis-2.6.jar;D:\Maven_rep\org\mockito\mockito-junit-jupiter\3.3.3\mockito-junit-jupiter-3.3.3.jar;D:\Maven_rep\org\skyscreamer\jsonassert\1.5.0\jsonassert-1.5.0.jar;D:\Maven_rep\com\vaadin\external\google\android-json\0.0.20131108.vaadin1\android-json-0.0.20131108.vaadin1.jar;D:\Maven_rep\org\springframework\spring-test\5.2.11.RELEASE\spring-test-5.2.11.RELEASE.jar;D:\Maven_rep\org\xmlunit\xmlunit-core\2.7.0\xmlunit-core-2.7.0.jar;D:\Maven_rep\com\baomidou\mybatis-plus-generator\3.4.1\mybatis-plus-generator-3.4.1.jar;D:\Maven_rep\com\baomidou\mybatis-plus-extension\3.4.1\mybatis-plus-extension-3.4.1.jar;D:\Maven_rep\com\baomidou\mybatis-plus-core\3.4.1\mybatis-plus-core-3.4.1.jar;D:\Maven_rep\com\baomidou\mybatis-plus-annotation\3.4.1\mybatis-plus-annotation-3.4.1.jar;D:\Maven_rep\com\github\jsqlparser\jsqlparser\3.2\jsqlparser-3.2.jar;D:\Maven_rep\org\mybatis\mybatis\3.5.6\mybatis-3.5.6.jar;D:\Maven_rep\org\mybatis\mybatis-spring\2.0.5\mybatis-spring-2.0.5.jar;D:\Maven_rep\org\apache\velocity\velocity-engine-core\2.0\velocity-engine-core-2.0.jar;D:\Maven_rep\org\apache\commons\commons-lang3\3.10\commons-lang3-3.10.jar;D:\ideadata\guigu-oa-parent\common\spring-security\target\spring-security-1.0-SNAPSHOT.jar;D:\Maven_rep\org\springframework\boot\spring-boot-starter-security\2.3.6.RELEASE\spring-boot-starter-security-2.3.6.RELEASE.jar;D:\Maven_rep\org\springframework\security\spring-security-config\5.3.5.RELEASE\spring-security-config-5.3.5.RELEASE.jar;D:\Maven_rep\org\springframework\security\spring-security-web\5.3.5.RELEASE\spring-security-web-5.3.5.RELEASE.jar;D:\Maven_rep\org\springframework\boot\spring-boot-starter-data-redis\2.3.6.RELEASE\spring-boot-starter-data-redis-2.3.6.RELEASE.jar;D:\Maven_rep\org\springframework\data\spring-data-redis\2.3.5.RELEASE\spring-data-redis-2.3.5.RELEASE.jar;D:\Maven_rep\org\springframework\data\spring-data-keyvalue\2.3.5.RELEASE\spring-data-keyvalue-2.3.5.RELEASE.jar;D:\Maven_rep\org\springframework\data\spring-data-commons\2.3.5.RELEASE\spring-data-commons-2.3.5.RELEASE.jar;D:\Maven_rep\org\springframework\spring-oxm\5.2.11.RELEASE\spring-oxm-5.2.11.RELEASE.jar;D:\Maven_rep\org\springframework\spring-context-support\5.2.11.RELEASE\spring-context-support-5.2.11.RELEASE.jar;D:\Maven_rep\io\lettuce\lettuce-core\5.3.5.RELEASE\lettuce-core-5.3.5.RELEASE.jar;D:\Maven_rep\io\netty\netty-common\4.1.54.Final\netty-common-4.1.54.Final.jar;D:\Maven_rep\io\netty\netty-handler\4.1.54.Final\netty-handler-4.1.54.Final.jar;D:\Maven_rep\io\netty\netty-resolver\4.1.54.Final\netty-resolver-4.1.54.Final.jar;D:\Maven_rep\io\netty\netty-buffer\4.1.54.Final\netty-buffer-4.1.54.Final.jar;D:\Maven_rep\io\netty\netty-codec\4.1.54.Final\netty-codec-4.1.54.Final.jar;D:\Maven_rep\io\netty\netty-transport\4.1.54.Final\netty-transport-4.1.54.Final.jar;D:\Maven_rep\io\projectreactor\reactor-core\3.3.11.RELEASE\reactor-core-3.3.11.RELEASE.jar;D:\Maven_rep\org\reactivestreams\reactive-streams\1.0.3\reactive-streams-1.0.3.jar;D:\Maven_rep\com\github\binarywang\weixin-java-mp\4.1.0\weixin-java-mp-4.1.0.jar;D:\Maven_rep\com\github\binarywang\weixin-java-common\4.1.0\weixin-java-common-4.1.0.jar;D:\Maven_rep\com\thoughtworks\xstream\xstream\1.4.17\xstream-1.4.17.jar;D:\Maven_rep\io\github\x-stream\mxparser\1.2.1\mxparser-1.2.1.jar;D:\Maven_rep\xmlpull\xmlpull\1.1.3.1\xmlpull-1.1.3.1.jar;D:\Maven_rep\org\apache\httpcomponents\httpclient\4.5.13\httpclient-4.5.13.jar;D:\Maven_rep\org\apache\httpcomponents\httpcore\4.4.13\httpcore-4.4.13.jar;D:\Maven_rep\org\apache\httpcomponents\httpmime\4.5.13\httpmime-4.5.13.jar;D:\Maven_rep\com\google\code\gson\gson\2.8.6\gson-2.8.6.jar;D:\Maven_rep\commons-codec\commons-codec\1.14\commons-codec-1.14.jar;D:\Maven_rep\commons-io\commons-io\2.7\commons-io-2.7.jar;D:\Maven_rep\com\google\guava\guava\29.0-jre\guava-29.0-jre.jar;D:\Maven_rep\com\google\guava\failureaccess\1.0.1\failureaccess-1.0.1.jar;D:\Maven_rep\com\google\guava\listenablefuture\9999.0-empty-to-avoid-conflict-with-guava\listenablefuture-9999.0-empty-to-avoid-conflict-with-guava.jar;D:\Maven_rep\com\google\code\findbugs\jsr305\3.0.2\jsr305-3.0.2.jar;D:\Maven_rep\org\checkerframework\checker-qual\2.11.1\checker-qual-2.11.1.jar;D:\Maven_rep\com\google\errorprone\error_prone_annotations\2.3.4\error_prone_annotations-2.3.4.jar;D:\Maven_rep\com\google\j2objc\j2objc-annotations\1.3\j2objc-annotations-1.3.jar;D:\Maven_rep\org\dom4j\dom4j\2.1.3\dom4j-2.1.3.jar;"/>
    <property name="sun.cpu.endian" value="little"/>
    <property name="user.home" value="C:\Users\86159"/>
    <property name="user.language" value="zh"/>
    <property name="java.specification.vendor" value="Oracle Corporation"/>
    <property name="java.home" value="D:\JAVA_JDK1.8.0_131\jre"/>
    <property name="basedir" value="D:\ideadata\guigu-oa-parent\service-oa"/>
    <property name="file.separator" value="\"/>
    <property name="line.separator" value="&#10;"/>
    <property name="java.vm.specification.vendor" value="Oracle Corporation"/>
    <property name="java.specification.name" value="Java Platform API Specification"/>
    <property name="java.awt.graphicsenv" value="sun.awt.Win32GraphicsEnvironment"/>
    <property name="surefire.real.class.path" value="C:\Users\86159\AppData\Local\Temp\surefire7407705514260893076\surefirebooter81397149187498259.jar"/>
    <property name="sun.boot.class.path" value="D:\JAVA_JDK1.8.0_131\jre\lib\resources.jar;D:\JAVA_JDK1.8.0_131\jre\lib\rt.jar;D:\JAVA_JDK1.8.0_131\jre\lib\sunrsasign.jar;D:\JAVA_JDK1.8.0_131\jre\lib\jsse.jar;D:\JAVA_JDK1.8.0_131\jre\lib\jce.jar;D:\JAVA_JDK1.8.0_131\jre\lib\charsets.jar;D:\JAVA_JDK1.8.0_131\jre\lib\jfr.jar;D:\JAVA_JDK1.8.0_131\jre\classes"/>
    <property name="user.script" value=""/>
    <property name="sun.management.compiler" value="HotSpot 64-Bit Tiered Compilers"/>
    <property name="java.runtime.version" value="1.8.0_131-b11"/>
    <property name="user.name" value="86159"/>
    <property name="path.separator" value=";"/>
    <property name="os.version" value="10.0"/>
    <property name="java.endorsed.dirs" value="D:\JAVA_JDK1.8.0_131\jre\lib\endorsed"/>
    <property name="java.runtime.name" value="Java(TM) SE Runtime Environment"/>
    <property name="file.encoding" value="GBK"/>
    <property name="java.vm.name" value="Java HotSpot(TM) 64-Bit Server VM"/>
    <property name="localRepository" value="D:\Maven_rep"/>
    <property name="java.vendor.url.bug" value="http://bugreport.sun.com/bugreport/"/>
    <property name="java.io.tmpdir" value="C:\Users\86159\AppData\Local\Temp\"/>
    <property name="idea.version" value="2021.3.3"/>
    <property name="java.version" value="1.8.0_131"/>
    <property name="user.dir" value="D:\ideadata\guigu-oa-parent\service-oa"/>
    <property name="os.arch" value="amd64"/>
    <property name="java.vm.specification.name" value="Java Virtual Machine Specification"/>
    <property name="java.awt.printerjob" value="sun.awt.windows.WPrinterJob"/>
    <property name="sun.os.patch.level" value=""/>
    <property name="java.library.path" value="D:\JAVA_JDK1.8.0_131\jre\bin;C:\Windows\Sun\Java\bin;C:\Windows\system32;C:\Windows;D:\oracle\bin;D:\VMware\bin\;C:\Program Files (x86)\Common Files\Oracle\Java\javapath;D:\solf\apache-maven-3.6.3\bin;D:\MySQL-8.0\bin;D:\Git\cmd;D:\JAVA_JDK1.8.0_131\bin;C:\ProgramData\Oracle\Java\javapath;C:\Windows\system32;C:\Windows;C:\Windows\System32\Wbem;C:\Windows\System32\WindowsPowerShell\v1.0\;C:\Windows\System32\OpenSSH\;C:\Program Files\Intel\WiFi\bin\;C:\Program Files\Common Files\Intel\WirelessCommon\;D:\cyuyan\vc++6.0\Dev-Cpp\MinGW64\bin;C:\Program Files\Azure Data Studio\bin;D:\Xshell_7\;D:\Xftp_7\;D:\erl10.3\bin;D:\Pict\;d:\sqlServer\share_func1\100\Tools\Binn\;d:\sqlServer\share_func\100\Tools\Binn\;d:\sqlServer\share_func\100\DTS\Binn\;C:\Program Files\Microsoft SQL Server\Client SDK\ODBC\170\Tools\Binn\;C:\Program Files (x86)\Microsoft SQL Server\150\Tools\Binn\;C:\Program Files\Microsoft SQL Server\150\Tools\Binn\;C:\Program Files\Microsoft SQL Server\150\DTS\Binn\;C:\Program Files (x86)\Microsoft SQL Server\150\DTS\Binn\;D:\matLab\runtime\win64;D:\matLab\bin;D:\node\;D:\rabbitMQ_old\rabbitmq_server-3.7.14\sbin;D:\python\Scripts\;D:\python\;D:\Java_JDK1.8.0_131\bin;C:\Users\86159\AppData\Local\Microsoft\WindowsApps;;C:\Program Files\Azure Data Studio\bin;D:\Microsoft VS Code\bin;D:\pythoncharm\PyCharm Community Edition 2022.1\bin;;C:\Users\86159\AppData\Roaming\npm;."/>
    <property name="java.vm.info" value="mixed mode"/>
    <property name="java.vendor" value="Oracle Corporation"/>
    <property name="java.vm.version" value="25.131-b11"/>
    <property name="java.ext.dirs" value="D:\JAVA_JDK1.8.0_131\jre\lib\ext;C:\Windows\Sun\Java\lib\ext"/>
    <property name="sun.io.unicode.encoding" value="UnicodeLittle"/>
    <property name="maven.repo.local" value="D:\Maven_rep"/>
    <property name="java.class.version" value="52.0"/>
  </properties>
  <testcase name="testSelectList" classname="com.atguigu.SysRoleMapperTest" time="0.657"/>
</testsuite>